<?xml version="1.0" encoding="UTF-8"?>
<!-- Generated by org.testng.reporters.JUnitReportReporter -->
<testsuite skipped="0" hostname="DESKTOP-CS2MBVI" name="TestClass" tests="1" failures="0" timestamp="2021-07-14T17:54:20 IST" time="13.789" errors="0">
  <testcase name="testcase1" time="13.789" classname="TestClass"/>
  <system-out/>
</testsuite> <!-- TestClass -->
